{"/Users/oliverjam/Web/fac/projects/week-7-LMAO/src/server.js":{"path":"/Users/oliverjam/Web/fac/projects/week-7-LMAO/src/server.js","s":{"1":1,"2":1,"3":1,"4":1,"5":1,"6":1,"7":1,"8":1,"9":1,"10":0,"11":1,"12":1,"13":1},"b":{"1":[1,1],"2":[1,1],"3":[0,1]},"f":{},"fnMap":{},"statementMap":{"1":{"start":{"line":1,"column":0},"end":{"line":1,"column":29}},"2":{"start":{"line":2,"column":0},"end":{"line":2,"column":31}},"3":{"start":{"line":3,"column":0},"end":{"line":3,"column":33}},"4":{"start":{"line":4,"column":0},"end":{"line":4,"column":34}},"5":{"start":{"line":6,"column":0},"end":{"line":6,"column":35}},"6":{"start":{"line":8,"column":0},"end":{"line":8,"column":33}},"7":{"start":{"line":10,"column":0},"end":{"line":13,"column":3}},"8":{"start":{"line":15,"column":0},"end":{"line":18,"column":3}},"9":{"start":{"line":16,"column":2},"end":{"line":16,"column":21}},"10":{"start":{"line":16,"column":11},"end":{"line":16,"column":21}},"11":{"start":{"line":17,"column":2},"end":{"line":17,"column":23}},"12":{"start":{"line":20,"column":0},"end":{"line":26,"column":3}},"13":{"start":{"line":28,"column":0},"end":{"line":28,"column":24}}},"branchMap":{"1":{"line":11,"type":"binary-expr","locations":[{"start":{"line":11,"column":8},"end":{"line":11,"column":24}},{"start":{"line":11,"column":28},"end":{"line":11,"column":39}}]},"2":{"line":12,"type":"binary-expr","locations":[{"start":{"line":12,"column":8},"end":{"line":12,"column":24}},{"start":{"line":12,"column":28},"end":{"line":12,"column":32}}]},"3":{"line":16,"type":"if","locations":[{"start":{"line":16,"column":2},"end":{"line":16,"column":2}},{"start":{"line":16,"column":2},"end":{"line":16,"column":2}}]}}},"/Users/oliverjam/Web/fac/projects/week-7-LMAO/src/routes/index.js":{"path":"/Users/oliverjam/Web/fac/projects/week-7-LMAO/src/routes/index.js","s":{"1":1},"b":{},"f":{},"fnMap":{},"statementMap":{"1":{"start":{"line":1,"column":0},"end":{"line":8,"column":2}}},"branchMap":{}},"/Users/oliverjam/Web/fac/projects/week-7-LMAO/src/routes/home.js":{"path":"/Users/oliverjam/Web/fac/projects/week-7-LMAO/src/routes/home.js","s":{"1":1,"2":1},"b":{},"f":{},"fnMap":{},"statementMap":{"1":{"start":{"line":1,"column":0},"end":{"line":7,"column":1}},"2":{"start":{"line":5,"column":4},"end":{"line":5,"column":31}}},"branchMap":{}},"/Users/oliverjam/Web/fac/projects/week-7-LMAO/src/routes/static.js":{"path":"/Users/oliverjam/Web/fac/projects/week-7-LMAO/src/routes/static.js","s":{"1":1},"b":{},"f":{},"fnMap":{},"statementMap":{"1":{"start":{"line":1,"column":0},"end":{"line":9,"column":1}}},"branchMap":{}},"/Users/oliverjam/Web/fac/projects/week-7-LMAO/src/routes/login.js":{"path":"/Users/oliverjam/Web/fac/projects/week-7-LMAO/src/routes/login.js","s":{"1":1,"2":1},"b":{},"f":{},"fnMap":{},"statementMap":{"1":{"start":{"line":1,"column":0},"end":{"line":7,"column":1}},"2":{"start":{"line":5,"column":4},"end":{"line":5,"column":31}}},"branchMap":{}},"/Users/oliverjam/Web/fac/projects/week-7-LMAO/src/routes/post.js":{"path":"/Users/oliverjam/Web/fac/projects/week-7-LMAO/src/routes/post.js","s":{"1":1,"2":1},"b":{},"f":{},"fnMap":{},"statementMap":{"1":{"start":{"line":1,"column":0},"end":{"line":7,"column":1}},"2":{"start":{"line":5,"column":4},"end":{"line":5,"column":31}}},"branchMap":{}},"/Users/oliverjam/Web/fac/projects/week-7-LMAO/src/routes/login/submit.js":{"path":"/Users/oliverjam/Web/fac/projects/week-7-LMAO/src/routes/login/submit.js","s":{"1":1,"2":1},"b":{},"f":{},"fnMap":{},"statementMap":{"1":{"start":{"line":1,"column":0},"end":{"line":7,"column":1}},"2":{"start":{"line":5,"column":4},"end":{"line":5,"column":31}}},"branchMap":{}},"/Users/oliverjam/Web/fac/projects/week-7-LMAO/src/routes/post/submit.js":{"path":"/Users/oliverjam/Web/fac/projects/week-7-LMAO/src/routes/post/submit.js","s":{"1":1,"2":1},"b":{},"f":{},"fnMap":{},"statementMap":{"1":{"start":{"line":1,"column":0},"end":{"line":7,"column":1}},"2":{"start":{"line":5,"column":4},"end":{"line":5,"column":31}}},"branchMap":{}}}