TN:
SF:/Users/oliverjam/Web/fac/projects/week-7-LMAO/src/server.js
FNF:0
FNH:0
DA:1,1
DA:2,1
DA:3,1
DA:4,1
DA:6,1
DA:8,1
DA:10,1
DA:15,1
DA:16,1
DA:17,1
DA:20,1
DA:28,1
LF:12
LH:12
BRDA:11,1,0,1
BRDA:11,1,1,1
BRDA:12,2,0,1
BRDA:12,2,1,1
BRDA:16,3,0,0
BRDA:16,3,1,1
BRF:6
BRH:5
end_of_record
TN:
SF:/Users/oliverjam/Web/fac/projects/week-7-LMAO/src/routes/index.js
FNF:0
FNH:0
DA:1,1
LF:1
LH:1
BRF:0
BRH:0
end_of_record
TN:
SF:/Users/oliverjam/Web/fac/projects/week-7-LMAO/src/routes/home.js
FNF:0
FNH:0
DA:1,1
DA:5,1
LF:2
LH:2
BRF:0
BRH:0
end_of_record
TN:
SF:/Users/oliverjam/Web/fac/projects/week-7-LMAO/src/routes/static.js
FNF:0
FNH:0
DA:1,1
LF:1
LH:1
BRF:0
BRH:0
end_of_record
TN:
SF:/Users/oliverjam/Web/fac/projects/week-7-LMAO/src/routes/login.js
FNF:0
FNH:0
DA:1,1
DA:5,1
LF:2
LH:2
BRF:0
BRH:0
end_of_record
TN:
SF:/Users/oliverjam/Web/fac/projects/week-7-LMAO/src/routes/post.js
FNF:0
FNH:0
DA:1,1
DA:5,1
LF:2
LH:2
BRF:0
BRH:0
end_of_record
TN:
SF:/Users/oliverjam/Web/fac/projects/week-7-LMAO/src/routes/login/submit.js
FNF:0
FNH:0
DA:1,1
DA:5,1
LF:2
LH:2
BRF:0
BRH:0
end_of_record
TN:
SF:/Users/oliverjam/Web/fac/projects/week-7-LMAO/src/routes/post/submit.js
FNF:0
FNH:0
DA:1,1
DA:5,1
LF:2
LH:2
BRF:0
BRH:0
end_of_record
